[04-Nov-2024 14:45:35 UTC] PHP Warning:  Attempt to read property "title" on null in /home/prince/Local Sites/webportfolio/app/public/wp-includes/class-wp-customize-widgets.php on line 905
[04-Nov-2024 14:47:55 UTC] PHP Warning:  Attempt to read property "title" on null in /home/prince/Local Sites/webportfolio/app/public/wp-includes/class-wp-customize-widgets.php on line 905
[04-Nov-2024 14:50:05 UTC] PHP Warning:  Attempt to read property "title" on null in /home/prince/Local Sites/webportfolio/app/public/wp-includes/class-wp-customize-widgets.php on line 905
[04-Nov-2024 14:51:06 UTC] PHP Warning:  Attempt to read property "title" on null in /home/prince/Local Sites/webportfolio/app/public/wp-includes/class-wp-customize-widgets.php on line 905
[04-Nov-2024 14:57:27 UTC] PHP Warning:  Attempt to read property "title" on null in /home/prince/Local Sites/webportfolio/app/public/wp-includes/class-wp-customize-widgets.php on line 905
[04-Nov-2024 15:36:03 UTC] PHP Warning:  Array to string conversion in /home/prince/Local Sites/webportfolio/app/public/wp-includes/functions.php on line 3871
[04-Nov-2024 15:50:16 UTC] PHP Warning:  Array to string conversion in /home/prince/Local Sites/webportfolio/app/public/wp-includes/functions.php on line 3871
[05-Nov-2024 13:00:47 UTC] Shell mysql dump error. Change SQL Mode to the "PHP Code" in the Duplicator > Settings > Backups. DETAIL:mysqldump: Got error: 2002: "Can't connect to local server through socket '/run/mysqld/mysqld.sock' (2)" when trying to connect
/* Duplicator WordPress Timestamp: 2024-11-05 13:00:47*/
/* DUPLICATOR_MYSQLDUMP_EOF */
[05-Nov-2024 13:00:47 UTC] Runtime error in DUP_Database::Build. Shell mysql dump error. Change SQL Mode to the "PHP Code" in the Duplicator > Settings > Backups. DETAIL:Exception: Exception: Shell mysql dump error. Change SQL Mode to the "PHP Code" in the Duplicator > Settings > Backups. in /home/prince/Local Sites/webportfolio/app/public/wp-content/plugins/duplicator/classes/class.logging.php:301
Stack trace:
#0 /home/prince/Local Sites/webportfolio/app/public/wp-content/plugins/duplicator/classes/package/class.pack.database.php(606): DUP_Log::error('Shell mysql dum...', 'mysqldump: Got ...', 1)
#1 /home/prince/Local Sites/webportfolio/app/public/wp-content/plugins/duplicator/classes/package/class.pack.database.php(230): DUP_Database->mysqlDump('/usr/bin/mysqld...')
#2 /home/prince/Local Sites/webportfolio/app/public/wp-content/plugins/duplicator/classes/package/class.pack.php(1373): DUP_Database->build(Object(DUP_Package), 1)
#3 /home/prince/Local Sites/webportfolio/app/public/wp-content/plugins/duplicator/ctrls/ctrl.package.php(89): DUP_Package->runZipBuild()
#4 /home/prince/Local Sites/webportfolio/app/public/wp-includes/class-wp-hook.php(324): duplicator_package_build('')
#5 /home/prince/Local Sites/webportfolio/app/public/wp-includes/class-wp-hook.php(348): WP_Hook->apply_filters('', Array)
#6 /home/prince/Local Sites/webportfolio/app/public/wp-includes/plugin.php(517): WP_Hook->do_action(Array)
#7 /home/prince/Local Sites/webportfolio/app/public/wp-admin/admin-ajax.php(192): do_action('wp_ajax_duplica...')
#8 {main}
